<!DOCTYPE html PUBLIC "-//W3C//DTD XHTML 1.1//EN" "http://www.w3.org/TR/xhtml11/DTD/xhtml11.dtd">
<html xmlns="http://www.w3.org/1999/xhtml"><head><title>TestNG Report</title><style type="text/css">table {margin-bottom:10px;border-collapse:collapse;empty-cells:show}th,td {border:1px solid #009;padding:.25em .5em}th {vertical-align:bottom}td {vertical-align:top}table a {font-weight:bold}.stripe td {background-color: #E6EBF9}.num {text-align:right}.passedodd td {background-color: #3F3}.passedeven td {background-color: #0A0}.skippedodd td {background-color: #DDD}.skippedeven td {background-color: #CCC}.failedodd td,.attn {background-color: #F33}.failedeven td,.stripe .attn {background-color: #D00}.stacktrace {white-space:pre;font-family:monospace}.totop {font-size:85%;text-align:center;border-bottom:2px solid #000}</style></head><body><table><tr><th>Test</th><th># Passed</th><th># Skipped</th><th># Failed</th><th>Time (ms)</th><th>Included Groups</th><th>Excluded Groups</th></tr><tr><th colspan="7">BPM Firefox</th></tr><tr><td><a href="#t0">To Test Cucumber</a></td><td class="num">0</td><td class="num">0</td><td class="num attn">1</td><td class="num">152,089</td><td></td><td></td></tr></table><table><thead><tr><th>Class</th><th>Method</th><th>Start</th><th>Time (ms)</th></tr></thead><tbody><tr><th colspan="4">BPM Firefox</th></tr></tbody><tbody id="t0"><tr><th colspan="4">To Test Cucumber &#8212; failed</th></tr><tr class="failedeven"><td rowspan="1">com.bpm.runner.TestRunner</td><td><a href="#m0">run_cukes</a></td><td rowspan="1">1497312909592</td><td rowspan="1">152068</td></tr></tbody></table><h2>To Test Cucumber</h2><h3 id="m0">com.bpm.runner.TestRunner#run_cukes</h3><table class="result"><tr><th>Messages</th></tr><tr><td><div class="messages">&lt;div &quot;featureFile&quot;&gt;Feature File: Login.feature&lt;/div&gt;<br/>&lt;div &quot;feature&quot;&gt;Feature: To Test BPM Portal&lt;/div&gt;<br/>&lt;div &quot;scenario&quot;&gt;Scenario: To Add one Haluer and accept the haluer to complete the task&lt;/div&gt;<br/>&lt;div &quot;result&quot;&gt;Given  I Navigate to BPM Portal (passed : 2s)&lt;/div&gt;<br/>&lt;div &quot;result&quot;&gt;When  I Login to BPM (passed : 3s)&lt;/div&gt;<br/>&lt;div &quot;result&quot;&gt;Given  I Click on All Task Tab (failed : 61s)&lt;/div&gt;<br/>&lt;div &quot;result&quot;&gt;And  I Search CaseId &amp;quot;004009-118226-2662529&amp;quot; (skipped)&lt;/div&gt;<br/>&lt;div &quot;result&quot;&gt;Then  I Click on Add3 Contact Button (skipped)&lt;/div&gt;<br/>&lt;div &quot;result&quot;&gt;And  I Click on Claim (skipped)&lt;/div&gt;<br/>&lt;div &quot;result&quot;&gt;Given  I Select LOA Details &amp;quot;Yes, LOA looks OK&amp;quot; (skipped)&lt;/div&gt;<br/>&lt;div &quot;result&quot;&gt;Then  I Click on Add Haluer Button (skipped)&lt;/div&gt;<br/>&lt;div &quot;result&quot;&gt;When  I Add Hauler Details (skipped)&lt;/div&gt;<br/>&lt;div &quot;result&quot;&gt;Then  I Select Haulers Agree To The Terms (skipped)&lt;/div&gt;<br/>&lt;div &quot;result&quot;&gt;Given  I Add Contracted Haluer Details (skipped)&lt;/div&gt;<br/>&lt;div &quot;result&quot;&gt;Then  I Click on Complete Task (skipped)&lt;/div&gt;<br/>&lt;div &quot;result&quot;&gt;And  I Click on Logout (skipped)&lt;/div&gt;<br/>&lt;div &quot;scenario&quot;&gt;Scenario: To upload customer document and add Haluer and complete the task&lt;/div&gt;<br/>&lt;div &quot;result&quot;&gt;Given  I Navigate to BPM Portal (passed : 3s)&lt;/div&gt;<br/>&lt;div &quot;result&quot;&gt;When  I Login to BPM (passed : 3s)&lt;/div&gt;<br/>&lt;div &quot;result&quot;&gt;Given  I Click on All Task Tab (failed : 61s)&lt;/div&gt;<br/>&lt;div &quot;result&quot;&gt;And  I Search CaseId &amp;quot;004009-118229-2662532&amp;quot; (skipped)&lt;/div&gt;<br/>&lt;div &quot;result&quot;&gt;And  I Click on the Case Link &amp;quot;004009-118229-2662532&amp;quot; (skipped)&lt;/div&gt;<br/>&lt;div &quot;result&quot;&gt;And  I Click on Claim (skipped)&lt;/div&gt;<br/>&lt;div &quot;result&quot;&gt;Given  I Upload Customer Document (skipped)&lt;/div&gt;<br/>&lt;div &quot;result&quot;&gt;Then  I Click on Complete Task (skipped)&lt;/div&gt;<br/>&lt;div &quot;result&quot;&gt;Given  I Click on the Cases Tab (skipped)&lt;/div&gt;<br/>&lt;div &quot;result&quot;&gt;Given  I Search CaseId &amp;quot;004009-118229-2662532&amp;quot; (skipped)&lt;/div&gt;<br/>&lt;div &quot;result&quot;&gt;And  I Click on the Case Link &amp;quot;004009-118229-2662532&amp;quot; (skipped)&lt;/div&gt;<br/>&lt;div &quot;result&quot;&gt;Then  I Click on Add3 Contact Button (skipped)&lt;/div&gt;<br/>&lt;div &quot;result&quot;&gt;And  I Click on Claim (skipped)&lt;/div&gt;<br/>&lt;div &quot;result&quot;&gt;Given  I Select LOA Details &amp;quot;Yes, LOA looks OK&amp;quot; (skipped)&lt;/div&gt;<br/>&lt;div &quot;result&quot;&gt;Then  I Click on Add Haluer Button (skipped)&lt;/div&gt;<br/>&lt;div &quot;result&quot;&gt;When  I Add Hauler Details (skipped)&lt;/div&gt;<br/>&lt;div &quot;result&quot;&gt;Then  I Select Haulers Agree To The Terms (skipped)&lt;/div&gt;<br/>&lt;div &quot;result&quot;&gt;Given  I Add Contracted Haluer Details (skipped)&lt;/div&gt;<br/>&lt;div &quot;result&quot;&gt;Then  I Click on Complete Task (skipped)&lt;/div&gt;<br/>&lt;div &quot;result&quot;&gt;And  I Click on Logout (skipped)&lt;/div&gt;</div></td></tr><tr><th>Exception</th></tr><tr><td><div class="stacktrace">cucumber.runtime.CucumberException: org.openqa.selenium.TimeoutException: Timed out after 30 seconds waiting for visibility of element located by By.xpath: .//*[text()=&apos;All Open Tasks&apos; and contains(@class,&apos;button&apos;)]
Build info: version: &apos;2.53.1&apos;, revision: &apos;a36b8b1cd5757287168e54b817830adce9b0158d&apos;, time: &apos;2016-06-30 19:26:09&apos;
System info: host: &apos;RUB-BNTSR72&apos;, ip: &apos;10.128.111.150&apos;, os.name: &apos;Windows 7&apos;, os.arch: &apos;amd64&apos;, os.version: &apos;6.1&apos;, java.version: &apos;1.8.0_121&apos;
Driver info: org.openqa.selenium.chrome.ChromeDriver
Capabilities [{applicationCacheEnabled=false, rotatable=false, mobileEmulationEnabled=false, networkConnectionEnabled=false, chrome={chromedriverVersion=2.30.477700 (0057494ad8732195794a7b32078424f92a5fce41), userDataDir=C:\Users\RAMYA~1.ANN\AppData\Local\Temp\scoped_dir12028_22276}, takesHeapSnapshot=true, pageLoadStrategy=normal, databaseEnabled=false, handlesAlerts=true, hasTouchScreen=false, version=58.0.3029.110, platform=XP, browserConnectionEnabled=false, nativeEvents=true, acceptSslCerts=true, locationContextEnabled=true, webStorageEnabled=true, browserName=chrome, takesScreenshot=true, javascriptEnabled=true, cssSelectorsEnabled=true, unexpectedAlertBehaviour=}]
Session ID: 07df8e42b5ac910e7135424e8dba58bc
	at cucumber.api.testng.TestNGCucumberRunner.runCukes(TestNGCucumberRunner.java:48)
	at cucumber.api.testng.AbstractTestNGCucumberTests.run_cukes(AbstractTestNGCucumberTests.java:14)
	at cucumber.api.testng.AbstractTestNGCucumberTests.run(AbstractTestNGCucumberTests.java:19)
Caused by: org.openqa.selenium.TimeoutException: Timed out after 30 seconds waiting for visibility of element located by By.xpath: .//*[text()=&apos;All Open Tasks&apos; and contains(@class,&apos;button&apos;)]
Build info: version: &apos;2.53.1&apos;, revision: &apos;a36b8b1cd5757287168e54b817830adce9b0158d&apos;, time: &apos;2016-06-30 19:26:09&apos;
System info: host: &apos;RUB-BNTSR72&apos;, ip: &apos;10.128.111.150&apos;, os.name: &apos;Windows 7&apos;, os.arch: &apos;amd64&apos;, os.version: &apos;6.1&apos;, java.version: &apos;1.8.0_121&apos;
Driver info: org.openqa.selenium.chrome.ChromeDriver
Capabilities [{applicationCacheEnabled=false, rotatable=false, mobileEmulationEnabled=false, networkConnectionEnabled=false, chrome={chromedriverVersion=2.30.477700 (0057494ad8732195794a7b32078424f92a5fce41), userDataDir=C:\Users\RAMYA~1.ANN\AppData\Local\Temp\scoped_dir12028_22276}, takesHeapSnapshot=true, pageLoadStrategy=normal, databaseEnabled=false, handlesAlerts=true, hasTouchScreen=false, version=58.0.3029.110, platform=XP, browserConnectionEnabled=false, nativeEvents=true, acceptSslCerts=true, locationContextEnabled=true, webStorageEnabled=true, browserName=chrome, takesScreenshot=true, javascriptEnabled=true, cssSelectorsEnabled=true, unexpectedAlertBehaviour=}]
Session ID: 07df8e42b5ac910e7135424e8dba58bc
	at org.openqa.selenium.support.ui.WebDriverWait.timeoutException(WebDriverWait.java:80)
	at org.openqa.selenium.support.ui.FluentWait.until(FluentWait.java:261)
	at com.bpm.base.BaseWebDriver.getXpath(BaseWebDriver.java:109)
	at com.bpm.base.BaseWebDriver.getWebElement(BaseWebDriver.java:201)
	at com.bpm.pageactions.BPMHomeActions.clickAllTaskTab(BPMHomeActions.java:33)
	at com.bpm.definitions.BPMDefinitions.i_Click_on_All_Task_Tab(BPMDefinitions.java:91)
	at ?.Given I Click on All Task Tab(Login.feature:8)
Caused by: org.openqa.selenium.NoSuchElementException: no such element: Unable to locate element: {&quot;method&quot;:&quot;xpath&quot;,&quot;selector&quot;:&quot;.//*[text()=&apos;All Open Tasks&apos; and contains(@class,&apos;button&apos;)]&quot;}
  (Session info: chrome=58.0.3029.110)
  (Driver info: chromedriver=2.30.477700 (0057494ad8732195794a7b32078424f92a5fce41),platform=Windows NT 6.1.7601 SP1 x86_64) (WARNING: The server did not provide any stacktrace information)
Command duration or timeout: 20.07 seconds
For documentation on this error, please visit: http://seleniumhq.org/exceptions/no_such_element.html
Build info: version: &apos;2.53.1&apos;, revision: &apos;a36b8b1cd5757287168e54b817830adce9b0158d&apos;, time: &apos;2016-06-30 19:26:09&apos;
System info: host: &apos;RUB-BNTSR72&apos;, ip: &apos;10.128.111.150&apos;, os.name: &apos;Windows 7&apos;, os.arch: &apos;amd64&apos;, os.version: &apos;6.1&apos;, java.version: &apos;1.8.0_121&apos;
Driver info: org.openqa.selenium.chrome.ChromeDriver
Capabilities [{applicationCacheEnabled=false, rotatable=false, mobileEmulationEnabled=false, networkConnectionEnabled=false, chrome={chromedriverVersion=2.30.477700 (0057494ad8732195794a7b32078424f92a5fce41), userDataDir=C:\Users\RAMYA~1.ANN\AppData\Local\Temp\scoped_dir12028_22276}, takesHeapSnapshot=true, pageLoadStrategy=normal, databaseEnabled=false, handlesAlerts=true, hasTouchScreen=false, version=58.0.3029.110, platform=XP, browserConnectionEnabled=false, nativeEvents=true, acceptSslCerts=true, locationContextEnabled=true, webStorageEnabled=true, browserName=chrome, takesScreenshot=true, javascriptEnabled=true, cssSelectorsEnabled=true, unexpectedAlertBehaviour=}]
Session ID: 07df8e42b5ac910e7135424e8dba58bc
*** Element info: {Using=xpath, value=.//*[text()=&apos;All Open Tasks&apos; and contains(@class,&apos;button&apos;)]}
	at org.openqa.selenium.remote.ErrorHandler.createThrowable(ErrorHandler.java:206)
	at org.openqa.selenium.remote.ErrorHandler.throwIfResponseFailed(ErrorHandler.java:158)
	at org.openqa.selenium.remote.RemoteWebDriver.execute(RemoteWebDriver.java:678)
	at org.openqa.selenium.remote.RemoteWebDriver.findElement(RemoteWebDriver.java:363)
	at org.openqa.selenium.remote.RemoteWebDriver.findElementByXPath(RemoteWebDriver.java:500)
	at org.openqa.selenium.By$ByXPath.findElement(By.java:361)
	at org.openqa.selenium.remote.RemoteWebDriver.findElement(RemoteWebDriver.java:355)
	at org.openqa.selenium.support.ui.ExpectedConditions.findElement(ExpectedConditions.java:899)
	at org.openqa.selenium.support.ui.ExpectedConditions.access$000(ExpectedConditions.java:41)
	at org.openqa.selenium.support.ui.ExpectedConditions$7.apply(ExpectedConditions.java:205)
	at org.openqa.selenium.support.ui.ExpectedConditions$7.apply(ExpectedConditions.java:201)
	at org.openqa.selenium.support.ui.FluentWait.until(FluentWait.java:238)
	at com.bpm.base.BaseWebDriver.getXpath(BaseWebDriver.java:109)
	at com.bpm.base.BaseWebDriver.getWebElement(BaseWebDriver.java:201)
	at com.bpm.pageactions.BPMHomeActions.clickAllTaskTab(BPMHomeActions.java:33)
	at com.bpm.definitions.BPMDefinitions.i_Click_on_All_Task_Tab(BPMDefinitions.java:91)
	at cucumber.runtime.Utils$1.call(Utils.java:34)
	at cucumber.runtime.Timeout.timeout(Timeout.java:13)
	at cucumber.runtime.Utils.invoke(Utils.java:30)
	at cucumber.runtime.java.JavaStepDefinition.execute(JavaStepDefinition.java:35)
	at cucumber.runtime.StepDefinitionMatch.runStep(StepDefinitionMatch.java:37)
	at cucumber.runtime.Runtime.runStep(Runtime.java:298)
	at cucumber.runtime.model.StepContainer.runStep(StepContainer.java:44)
	at cucumber.runtime.model.StepContainer.runSteps(StepContainer.java:39)
	at cucumber.runtime.model.CucumberScenario.run(CucumberScenario.java:48)
	at cucumber.runtime.model.CucumberFeature.run(CucumberFeature.java:163)
	at cucumber.runtime.Runtime.run(Runtime.java:120)
	at cucumber.api.testng.TestNGCucumberRunner.runCukes(TestNGCucumberRunner.java:43)
	at cucumber.api.testng.AbstractTestNGCucumberTests.run_cukes(AbstractTestNGCucumberTests.java:14)
	at cucumber.api.testng.AbstractTestNGCucumberTests.run(AbstractTestNGCucumberTests.java:19)
... Removed 68 stack frames</div></td></tr></table><p class="totop"><a href="#summary">back to summary</a></p></body></html>