<?xml version="1.0" encoding="UTF-8"?>
<testng-results skipped="0" failed="1" total="1" passed="0">
  <reporter-output>
    <line>
      <![CDATA[<div "featureFile">Feature File: Login.feature</div>]]>
    </line>
    <line>
      <![CDATA[<div "feature">Feature: To Test BPM Portal</div>]]>
    </line>
    <line>
      <![CDATA[<div "scenario">Scenario: To Add one Haluer and accept the haluer to complete the task</div>]]>
    </line>
    <line>
      <![CDATA[<div "result">Given  I Navigate to BPM Portal (passed : 2s)</div>]]>
    </line>
    <line>
      <![CDATA[<div "result">When  I Login to BPM (passed : 3s)</div>]]>
    </line>
    <line>
      <![CDATA[<div "result">Given  I Click on All Task Tab (failed : 61s)</div>]]>
    </line>
    <line>
      <![CDATA[<div "result">And  I Search CaseId &quot;004009-118226-2662529&quot; (skipped)</div>]]>
    </line>
    <line>
      <![CDATA[<div "result">Then  I Click on Add3 Contact Button (skipped)</div>]]>
    </line>
    <line>
      <![CDATA[<div "result">And  I Click on Claim (skipped)</div>]]>
    </line>
    <line>
      <![CDATA[<div "result">Given  I Select LOA Details &quot;Yes, LOA looks OK&quot; (skipped)</div>]]>
    </line>
    <line>
      <![CDATA[<div "result">Then  I Click on Add Haluer Button (skipped)</div>]]>
    </line>
    <line>
      <![CDATA[<div "result">When  I Add Hauler Details (skipped)</div>]]>
    </line>
    <line>
      <![CDATA[<div "result">Then  I Select Haulers Agree To The Terms (skipped)</div>]]>
    </line>
    <line>
      <![CDATA[<div "result">Given  I Add Contracted Haluer Details (skipped)</div>]]>
    </line>
    <line>
      <![CDATA[<div "result">Then  I Click on Complete Task (skipped)</div>]]>
    </line>
    <line>
      <![CDATA[<div "result">And  I Click on Logout (skipped)</div>]]>
    </line>
    <line>
      <![CDATA[<div "scenario">Scenario: To upload customer document and add Haluer and complete the task</div>]]>
    </line>
    <line>
      <![CDATA[<div "result">Given  I Navigate to BPM Portal (passed : 3s)</div>]]>
    </line>
    <line>
      <![CDATA[<div "result">When  I Login to BPM (passed : 3s)</div>]]>
    </line>
    <line>
      <![CDATA[<div "result">Given  I Click on All Task Tab (failed : 61s)</div>]]>
    </line>
    <line>
      <![CDATA[<div "result">And  I Search CaseId &quot;004009-118229-2662532&quot; (skipped)</div>]]>
    </line>
    <line>
      <![CDATA[<div "result">And  I Click on the Case Link &quot;004009-118229-2662532&quot; (skipped)</div>]]>
    </line>
    <line>
      <![CDATA[<div "result">And  I Click on Claim (skipped)</div>]]>
    </line>
    <line>
      <![CDATA[<div "result">Given  I Upload Customer Document (skipped)</div>]]>
    </line>
    <line>
      <![CDATA[<div "result">Then  I Click on Complete Task (skipped)</div>]]>
    </line>
    <line>
      <![CDATA[<div "result">Given  I Click on the Cases Tab (skipped)</div>]]>
    </line>
    <line>
      <![CDATA[<div "result">Given  I Search CaseId &quot;004009-118229-2662532&quot; (skipped)</div>]]>
    </line>
    <line>
      <![CDATA[<div "result">And  I Click on the Case Link &quot;004009-118229-2662532&quot; (skipped)</div>]]>
    </line>
    <line>
      <![CDATA[<div "result">Then  I Click on Add3 Contact Button (skipped)</div>]]>
    </line>
    <line>
      <![CDATA[<div "result">And  I Click on Claim (skipped)</div>]]>
    </line>
    <line>
      <![CDATA[<div "result">Given  I Select LOA Details &quot;Yes, LOA looks OK&quot; (skipped)</div>]]>
    </line>
    <line>
      <![CDATA[<div "result">Then  I Click on Add Haluer Button (skipped)</div>]]>
    </line>
    <line>
      <![CDATA[<div "result">When  I Add Hauler Details (skipped)</div>]]>
    </line>
    <line>
      <![CDATA[<div "result">Then  I Select Haulers Agree To The Terms (skipped)</div>]]>
    </line>
    <line>
      <![CDATA[<div "result">Given  I Add Contracted Haluer Details (skipped)</div>]]>
    </line>
    <line>
      <![CDATA[<div "result">Then  I Click on Complete Task (skipped)</div>]]>
    </line>
    <line>
      <![CDATA[<div "result">And  I Click on Logout (skipped)</div>]]>
    </line>
  </reporter-output>
  <suite name="BPM Firefox" duration-ms="152089" started-at="2017-06-13T00:15:09Z" finished-at="2017-06-13T00:17:41Z">
    <groups>
      <group name="cucumber">
        <method signature="AbstractTestNGCucumberTests.run_cukes()[pri:0, instance:com.bpm.runner.TestRunner@69ea3742]" name="run_cukes" class="cucumber.api.testng.AbstractTestNGCucumberTests"/>
      </group> <!-- cucumber -->
    </groups>
    <test name="To Test Cucumber" duration-ms="152089" started-at="2017-06-13T00:15:09Z" finished-at="2017-06-13T00:17:41Z">
      <class name="com.bpm.runner.TestRunner">
        <test-method status="FAIL" signature="run_cukes()[pri:0, instance:com.bpm.runner.TestRunner@69ea3742]" name="run_cukes" duration-ms="152068" started-at="2017-06-12T17:15:09Z" description="Runs Cucumber Features" finished-at="2017-06-12T17:17:41Z">
          <exception class="cucumber.runtime.CucumberException">
            <message>
              <![CDATA[org.openqa.selenium.TimeoutException: Timed out after 30 seconds waiting for visibility of element located by By.xpath: .//*[text()='All Open Tasks' and contains(@class,'button')]
Build info: version: '2.53.1', revision: 'a36b8b1cd5757287168e54b817830adce9b0158d', time: '2016-06-30 19:26:09'
System info: host: 'RUB-BNTSR72', ip: '10.128.111.150', os.name: 'Windows 7', os.arch: 'amd64', os.version: '6.1', java.version: '1.8.0_121'
Driver info: org.openqa.selenium.chrome.ChromeDriver
Capabilities [{applicationCacheEnabled=false, rotatable=false, mobileEmulationEnabled=false, networkConnectionEnabled=false, chrome={chromedriverVersion=2.30.477700 (0057494ad8732195794a7b32078424f92a5fce41), userDataDir=C:\Users\RAMYA~1.ANN\AppData\Local\Temp\scoped_dir12028_22276}, takesHeapSnapshot=true, pageLoadStrategy=normal, databaseEnabled=false, handlesAlerts=true, hasTouchScreen=false, version=58.0.3029.110, platform=XP, browserConnectionEnabled=false, nativeEvents=true, acceptSslCerts=true, locationContextEnabled=true, webStorageEnabled=true, browserName=chrome, takesScreenshot=true, javascriptEnabled=true, cssSelectorsEnabled=true, unexpectedAlertBehaviour=}]
Session ID: 07df8e42b5ac910e7135424e8dba58bc]]>
            </message>
            <full-stacktrace>
              <![CDATA[cucumber.runtime.CucumberException: org.openqa.selenium.TimeoutException: Timed out after 30 seconds waiting for visibility of element located by By.xpath: .//*[text()='All Open Tasks' and contains(@class,'button')]
Build info: version: '2.53.1', revision: 'a36b8b1cd5757287168e54b817830adce9b0158d', time: '2016-06-30 19:26:09'
System info: host: 'RUB-BNTSR72', ip: '10.128.111.150', os.name: 'Windows 7', os.arch: 'amd64', os.version: '6.1', java.version: '1.8.0_121'
Driver info: org.openqa.selenium.chrome.ChromeDriver
Capabilities [{applicationCacheEnabled=false, rotatable=false, mobileEmulationEnabled=false, networkConnectionEnabled=false, chrome={chromedriverVersion=2.30.477700 (0057494ad8732195794a7b32078424f92a5fce41), userDataDir=C:\Users\RAMYA~1.ANN\AppData\Local\Temp\scoped_dir12028_22276}, takesHeapSnapshot=true, pageLoadStrategy=normal, databaseEnabled=false, handlesAlerts=true, hasTouchScreen=false, version=58.0.3029.110, platform=XP, browserConnectionEnabled=false, nativeEvents=true, acceptSslCerts=true, locationContextEnabled=true, webStorageEnabled=true, browserName=chrome, takesScreenshot=true, javascriptEnabled=true, cssSelectorsEnabled=true, unexpectedAlertBehaviour=}]
Session ID: 07df8e42b5ac910e7135424e8dba58bc
	at cucumber.api.testng.TestNGCucumberRunner.runCukes(TestNGCucumberRunner.java:48)
	at cucumber.api.testng.AbstractTestNGCucumberTests.run_cukes(AbstractTestNGCucumberTests.java:14)
	at sun.reflect.NativeMethodAccessorImpl.invoke0(Native Method)
	at sun.reflect.NativeMethodAccessorImpl.invoke(Unknown Source)
	at sun.reflect.DelegatingMethodAccessorImpl.invoke(Unknown Source)
	at java.lang.reflect.Method.invoke(Unknown Source)
	at org.testng.internal.MethodInvocationHelper.invokeMethod(MethodInvocationHelper.java:84)
	at org.testng.internal.MethodInvocationHelper$1.runTestMethod(MethodInvocationHelper.java:200)
	at cucumber.api.testng.AbstractTestNGCucumberTests.run(AbstractTestNGCucumberTests.java:19)
	at sun.reflect.NativeMethodAccessorImpl.invoke0(Native Method)
	at sun.reflect.NativeMethodAccessorImpl.invoke(Unknown Source)
	at sun.reflect.DelegatingMethodAccessorImpl.invoke(Unknown Source)
	at java.lang.reflect.Method.invoke(Unknown Source)
	at org.testng.internal.MethodInvocationHelper.invokeHookable(MethodInvocationHelper.java:212)
	at org.testng.internal.Invoker.invokeMethod(Invoker.java:707)
	at org.testng.internal.Invoker.invokeTestMethod(Invoker.java:901)
	at org.testng.internal.Invoker.invokeTestMethods(Invoker.java:1231)
	at org.testng.internal.TestMethodWorker.invokeTestMethods(TestMethodWorker.java:127)
	at org.testng.internal.TestMethodWorker.run(TestMethodWorker.java:111)
	at org.testng.TestRunner.privateRun(TestRunner.java:767)
	at org.testng.TestRunner.run(TestRunner.java:617)
	at org.testng.SuiteRunner.runTest(SuiteRunner.java:348)
	at org.testng.SuiteRunner.runSequentially(SuiteRunner.java:343)
	at org.testng.SuiteRunner.privateRun(SuiteRunner.java:305)
	at org.testng.SuiteRunner.run(SuiteRunner.java:254)
	at org.testng.SuiteRunnerWorker.runSuite(SuiteRunnerWorker.java:52)
	at org.testng.SuiteRunnerWorker.run(SuiteRunnerWorker.java:86)
	at org.testng.TestNG.runSuitesSequentially(TestNG.java:1224)
	at org.testng.TestNG.runSuitesLocally(TestNG.java:1149)
	at org.testng.TestNG.run(TestNG.java:1057)
	at org.testng.remote.AbstractRemoteTestNG.run(AbstractRemoteTestNG.java:132)
	at org.testng.remote.RemoteTestNG.initAndRun(RemoteTestNG.java:230)
	at org.testng.remote.RemoteTestNG.main(RemoteTestNG.java:76)
Caused by: org.openqa.selenium.TimeoutException: Timed out after 30 seconds waiting for visibility of element located by By.xpath: .//*[text()='All Open Tasks' and contains(@class,'button')]
Build info: version: '2.53.1', revision: 'a36b8b1cd5757287168e54b817830adce9b0158d', time: '2016-06-30 19:26:09'
System info: host: 'RUB-BNTSR72', ip: '10.128.111.150', os.name: 'Windows 7', os.arch: 'amd64', os.version: '6.1', java.version: '1.8.0_121'
Driver info: org.openqa.selenium.chrome.ChromeDriver
Capabilities [{applicationCacheEnabled=false, rotatable=false, mobileEmulationEnabled=false, networkConnectionEnabled=false, chrome={chromedriverVersion=2.30.477700 (0057494ad8732195794a7b32078424f92a5fce41), userDataDir=C:\Users\RAMYA~1.ANN\AppData\Local\Temp\scoped_dir12028_22276}, takesHeapSnapshot=true, pageLoadStrategy=normal, databaseEnabled=false, handlesAlerts=true, hasTouchScreen=false, version=58.0.3029.110, platform=XP, browserConnectionEnabled=false, nativeEvents=true, acceptSslCerts=true, locationContextEnabled=true, webStorageEnabled=true, browserName=chrome, takesScreenshot=true, javascriptEnabled=true, cssSelectorsEnabled=true, unexpectedAlertBehaviour=}]
Session ID: 07df8e42b5ac910e7135424e8dba58bc
	at org.openqa.selenium.support.ui.WebDriverWait.timeoutException(WebDriverWait.java:80)
	at org.openqa.selenium.support.ui.FluentWait.until(FluentWait.java:261)
	at com.bpm.base.BaseWebDriver.getXpath(BaseWebDriver.java:109)
	at com.bpm.base.BaseWebDriver.getWebElement(BaseWebDriver.java:201)
	at com.bpm.pageactions.BPMHomeActions.clickAllTaskTab(BPMHomeActions.java:33)
	at com.bpm.definitions.BPMDefinitions.i_Click_on_All_Task_Tab(BPMDefinitions.java:91)
	at ?.Given I Click on All Task Tab(Login.feature:8)
Caused by: org.openqa.selenium.NoSuchElementException: no such element: Unable to locate element: {"method":"xpath","selector":".//*[text()='All Open Tasks' and contains(@class,'button')]"}
  (Session info: chrome=58.0.3029.110)
  (Driver info: chromedriver=2.30.477700 (0057494ad8732195794a7b32078424f92a5fce41),platform=Windows NT 6.1.7601 SP1 x86_64) (WARNING: The server did not provide any stacktrace information)
Command duration or timeout: 20.07 seconds
For documentation on this error, please visit: http://seleniumhq.org/exceptions/no_such_element.html
Build info: version: '2.53.1', revision: 'a36b8b1cd5757287168e54b817830adce9b0158d', time: '2016-06-30 19:26:09'
System info: host: 'RUB-BNTSR72', ip: '10.128.111.150', os.name: 'Windows 7', os.arch: 'amd64', os.version: '6.1', java.version: '1.8.0_121'
Driver info: org.openqa.selenium.chrome.ChromeDriver
Capabilities [{applicationCacheEnabled=false, rotatable=false, mobileEmulationEnabled=false, networkConnectionEnabled=false, chrome={chromedriverVersion=2.30.477700 (0057494ad8732195794a7b32078424f92a5fce41), userDataDir=C:\Users\RAMYA~1.ANN\AppData\Local\Temp\scoped_dir12028_22276}, takesHeapSnapshot=true, pageLoadStrategy=normal, databaseEnabled=false, handlesAlerts=true, hasTouchScreen=false, version=58.0.3029.110, platform=XP, browserConnectionEnabled=false, nativeEvents=true, acceptSslCerts=true, locationContextEnabled=true, webStorageEnabled=true, browserName=chrome, takesScreenshot=true, javascriptEnabled=true, cssSelectorsEnabled=true, unexpectedAlertBehaviour=}]
Session ID: 07df8e42b5ac910e7135424e8dba58bc
*** Element info: {Using=xpath, value=.//*[text()='All Open Tasks' and contains(@class,'button')]}
	at sun.reflect.NativeConstructorAccessorImpl.newInstance0(Native Method)
	at sun.reflect.NativeConstructorAccessorImpl.newInstance(Unknown Source)
	at sun.reflect.DelegatingConstructorAccessorImpl.newInstance(Unknown Source)
	at java.lang.reflect.Constructor.newInstance(Unknown Source)
	at org.openqa.selenium.remote.ErrorHandler.createThrowable(ErrorHandler.java:206)
	at org.openqa.selenium.remote.ErrorHandler.throwIfResponseFailed(ErrorHandler.java:158)
	at org.openqa.selenium.remote.RemoteWebDriver.execute(RemoteWebDriver.java:678)
	at org.openqa.selenium.remote.RemoteWebDriver.findElement(RemoteWebDriver.java:363)
	at org.openqa.selenium.remote.RemoteWebDriver.findElementByXPath(RemoteWebDriver.java:500)
	at org.openqa.selenium.By$ByXPath.findElement(By.java:361)
	at org.openqa.selenium.remote.RemoteWebDriver.findElement(RemoteWebDriver.java:355)
	at org.openqa.selenium.support.ui.ExpectedConditions.findElement(ExpectedConditions.java:899)
	at org.openqa.selenium.support.ui.ExpectedConditions.access$000(ExpectedConditions.java:41)
	at org.openqa.selenium.support.ui.ExpectedConditions$7.apply(ExpectedConditions.java:205)
	at org.openqa.selenium.support.ui.ExpectedConditions$7.apply(ExpectedConditions.java:201)
	at org.openqa.selenium.support.ui.FluentWait.until(FluentWait.java:238)
	at com.bpm.base.BaseWebDriver.getXpath(BaseWebDriver.java:109)
	at com.bpm.base.BaseWebDriver.getWebElement(BaseWebDriver.java:201)
	at com.bpm.pageactions.BPMHomeActions.clickAllTaskTab(BPMHomeActions.java:33)
	at com.bpm.definitions.BPMDefinitions.i_Click_on_All_Task_Tab(BPMDefinitions.java:91)
	at sun.reflect.NativeMethodAccessorImpl.invoke0(Native Method)
	at sun.reflect.NativeMethodAccessorImpl.invoke(Unknown Source)
	at sun.reflect.DelegatingMethodAccessorImpl.invoke(Unknown Source)
	at java.lang.reflect.Method.invoke(Unknown Source)
	at cucumber.runtime.Utils$1.call(Utils.java:34)
	at cucumber.runtime.Timeout.timeout(Timeout.java:13)
	at cucumber.runtime.Utils.invoke(Utils.java:30)
	at cucumber.runtime.java.JavaStepDefinition.execute(JavaStepDefinition.java:35)
	at cucumber.runtime.StepDefinitionMatch.runStep(StepDefinitionMatch.java:37)
	at cucumber.runtime.Runtime.runStep(Runtime.java:298)
	at cucumber.runtime.model.StepContainer.runStep(StepContainer.java:44)
	at cucumber.runtime.model.StepContainer.runSteps(StepContainer.java:39)
	at cucumber.runtime.model.CucumberScenario.run(CucumberScenario.java:48)
	at cucumber.runtime.model.CucumberFeature.run(CucumberFeature.java:163)
	at cucumber.runtime.Runtime.run(Runtime.java:120)
	at cucumber.api.testng.TestNGCucumberRunner.runCukes(TestNGCucumberRunner.java:43)
	at cucumber.api.testng.AbstractTestNGCucumberTests.run_cukes(AbstractTestNGCucumberTests.java:14)
	at sun.reflect.NativeMethodAccessorImpl.invoke0(Native Method)
	at sun.reflect.NativeMethodAccessorImpl.invoke(Unknown Source)
	at sun.reflect.DelegatingMethodAccessorImpl.invoke(Unknown Source)
	at java.lang.reflect.Method.invoke(Unknown Source)
	at org.testng.internal.MethodInvocationHelper.invokeMethod(MethodInvocationHelper.java:84)
	at org.testng.internal.MethodInvocationHelper$1.runTestMethod(MethodInvocationHelper.java:200)
	at cucumber.api.testng.AbstractTestNGCucumberTests.run(AbstractTestNGCucumberTests.java:19)
	at sun.reflect.NativeMethodAccessorImpl.invoke0(Native Method)
	at sun.reflect.NativeMethodAccessorImpl.invoke(Unknown Source)
	at sun.reflect.DelegatingMethodAccessorImpl.invoke(Unknown Source)
	at java.lang.reflect.Method.invoke(Unknown Source)
	at org.testng.internal.MethodInvocationHelper.invokeHookable(MethodInvocationHelper.java:212)
	at org.testng.internal.Invoker.invokeMethod(Invoker.java:707)
	at org.testng.internal.Invoker.invokeTestMethod(Invoker.java:901)
	at org.testng.internal.Invoker.invokeTestMethods(Invoker.java:1231)
	at org.testng.internal.TestMethodWorker.invokeTestMethods(TestMethodWorker.java:127)
	at org.testng.internal.TestMethodWorker.run(TestMethodWorker.java:111)
	at org.testng.TestRunner.privateRun(TestRunner.java:767)
	at org.testng.TestRunner.run(TestRunner.java:617)
	at org.testng.SuiteRunner.runTest(SuiteRunner.java:348)
	at org.testng.SuiteRunner.runSequentially(SuiteRunner.java:343)
	at org.testng.SuiteRunner.privateRun(SuiteRunner.java:305)
	at org.testng.SuiteRunner.run(SuiteRunner.java:254)
	at org.testng.SuiteRunnerWorker.runSuite(SuiteRunnerWorker.java:52)
	at org.testng.SuiteRunnerWorker.run(SuiteRunnerWorker.java:86)
	at org.testng.TestNG.runSuitesSequentially(TestNG.java:1224)
	at org.testng.TestNG.runSuitesLocally(TestNG.java:1149)
	at org.testng.TestNG.run(TestNG.java:1057)
	at org.testng.remote.AbstractRemoteTestNG.run(AbstractRemoteTestNG.java:132)
	at org.testng.remote.RemoteTestNG.initAndRun(RemoteTestNG.java:230)
	at org.testng.remote.RemoteTestNG.main(RemoteTestNG.java:76)
]]>
            </full-stacktrace>
          </exception> <!-- cucumber.runtime.CucumberException -->
          <reporter-output>
            <line>
              <![CDATA[<div "featureFile">Feature File: Login.feature</div>]]>
            </line>
            <line>
              <![CDATA[<div "feature">Feature: To Test BPM Portal</div>]]>
            </line>
            <line>
              <![CDATA[<div "scenario">Scenario: To Add one Haluer and accept the haluer to complete the task</div>]]>
            </line>
            <line>
              <![CDATA[<div "result">Given  I Navigate to BPM Portal (passed : 2s)</div>]]>
            </line>
            <line>
              <![CDATA[<div "result">When  I Login to BPM (passed : 3s)</div>]]>
            </line>
            <line>
              <![CDATA[<div "result">Given  I Click on All Task Tab (failed : 61s)</div>]]>
            </line>
            <line>
              <![CDATA[<div "result">And  I Search CaseId &quot;004009-118226-2662529&quot; (skipped)</div>]]>
            </line>
            <line>
              <![CDATA[<div "result">Then  I Click on Add3 Contact Button (skipped)</div>]]>
            </line>
            <line>
              <![CDATA[<div "result">And  I Click on Claim (skipped)</div>]]>
            </line>
            <line>
              <![CDATA[<div "result">Given  I Select LOA Details &quot;Yes, LOA looks OK&quot; (skipped)</div>]]>
            </line>
            <line>
              <![CDATA[<div "result">Then  I Click on Add Haluer Button (skipped)</div>]]>
            </line>
            <line>
              <![CDATA[<div "result">When  I Add Hauler Details (skipped)</div>]]>
            </line>
            <line>
              <![CDATA[<div "result">Then  I Select Haulers Agree To The Terms (skipped)</div>]]>
            </line>
            <line>
              <![CDATA[<div "result">Given  I Add Contracted Haluer Details (skipped)</div>]]>
            </line>
            <line>
              <![CDATA[<div "result">Then  I Click on Complete Task (skipped)</div>]]>
            </line>
            <line>
              <![CDATA[<div "result">And  I Click on Logout (skipped)</div>]]>
            </line>
            <line>
              <![CDATA[<div "scenario">Scenario: To upload customer document and add Haluer and complete the task</div>]]>
            </line>
            <line>
              <![CDATA[<div "result">Given  I Navigate to BPM Portal (passed : 3s)</div>]]>
            </line>
            <line>
              <![CDATA[<div "result">When  I Login to BPM (passed : 3s)</div>]]>
            </line>
            <line>
              <![CDATA[<div "result">Given  I Click on All Task Tab (failed : 61s)</div>]]>
            </line>
            <line>
              <![CDATA[<div "result">And  I Search CaseId &quot;004009-118229-2662532&quot; (skipped)</div>]]>
            </line>
            <line>
              <![CDATA[<div "result">And  I Click on the Case Link &quot;004009-118229-2662532&quot; (skipped)</div>]]>
            </line>
            <line>
              <![CDATA[<div "result">And  I Click on Claim (skipped)</div>]]>
            </line>
            <line>
              <![CDATA[<div "result">Given  I Upload Customer Document (skipped)</div>]]>
            </line>
            <line>
              <![CDATA[<div "result">Then  I Click on Complete Task (skipped)</div>]]>
            </line>
            <line>
              <![CDATA[<div "result">Given  I Click on the Cases Tab (skipped)</div>]]>
            </line>
            <line>
              <![CDATA[<div "result">Given  I Search CaseId &quot;004009-118229-2662532&quot; (skipped)</div>]]>
            </line>
            <line>
              <![CDATA[<div "result">And  I Click on the Case Link &quot;004009-118229-2662532&quot; (skipped)</div>]]>
            </line>
            <line>
              <![CDATA[<div "result">Then  I Click on Add3 Contact Button (skipped)</div>]]>
            </line>
            <line>
              <![CDATA[<div "result">And  I Click on Claim (skipped)</div>]]>
            </line>
            <line>
              <![CDATA[<div "result">Given  I Select LOA Details &quot;Yes, LOA looks OK&quot; (skipped)</div>]]>
            </line>
            <line>
              <![CDATA[<div "result">Then  I Click on Add Haluer Button (skipped)</div>]]>
            </line>
            <line>
              <![CDATA[<div "result">When  I Add Hauler Details (skipped)</div>]]>
            </line>
            <line>
              <![CDATA[<div "result">Then  I Select Haulers Agree To The Terms (skipped)</div>]]>
            </line>
            <line>
              <![CDATA[<div "result">Given  I Add Contracted Haluer Details (skipped)</div>]]>
            </line>
            <line>
              <![CDATA[<div "result">Then  I Click on Complete Task (skipped)</div>]]>
            </line>
            <line>
              <![CDATA[<div "result">And  I Click on Logout (skipped)</div>]]>
            </line>
          </reporter-output>
        </test-method> <!-- run_cukes -->
      </class> <!-- com.bpm.runner.TestRunner -->
    </test> <!-- To Test Cucumber -->
  </suite> <!-- BPM Firefox -->
</testng-results>
